This is pdfTeX, Version 3.14159265-2.6-1.40.17 (MiKTeX 2.9.6210 64-bit) (preloaded format=pdflatex 2017.4.17)  4 JUL 2017 17:39
entering extended mode
**./Manual.tex
(Manual.tex
LaTeX2e <2017/01/01> patch level 1
Babel <3.9r> and hyphenation patterns for 75 language(s) loaded.
("C:\Users\Ayush\AppData\Local\Programs\MiKTeX 2.9\tex\latex\base\article.cls"
Document Class: article 2014/09/29 v1.4h Standard LaTeX document class
("C:\Users\Ayush\AppData\Local\Programs\MiKTeX 2.9\tex\latex\base\size12.clo"
File: size12.clo 2014/09/29 v1.4h Standard LaTeX file (size option)
)
\c@part=\count79
\c@section=\count80
\c@subsection=\count81
\c@subsubsection=\count82
\c@paragraph=\count83
\c@subparagraph=\count84
\c@figure=\count85
\c@table=\count86
\abovecaptionskip=\skip41
\belowcaptionskip=\skip42
\bibindent=\dimen102
)
("C:\Users\Ayush\AppData\Local\Programs\MiKTeX 2.9\tex\latex\geometry\geometry.
sty"
Package: geometry 2010/09/12 v5.6 Page Geometry

("C:\Users\Ayush\AppData\Local\Programs\MiKTeX 2.9\tex\latex\graphics\keyval.st
y"
Package: keyval 2014/10/28 v1.15 key=value parser (DPC)
\KV@toks@=\toks14
)
("C:\Users\Ayush\AppData\Local\Programs\MiKTeX 2.9\tex\generic\oberdiek\ifpdf.s
ty"
Package: ifpdf 2016/05/14 v3.1 Provides the ifpdf switch
)
("C:\Users\Ayush\AppData\Local\Programs\MiKTeX 2.9\tex\generic\oberdiek\ifvtex.
sty"
Package: ifvtex 2016/05/16 v1.6 Detect VTeX and its facilities (HO)
Package ifvtex Info: VTeX not detected.
)
("C:\Users\Ayush\AppData\Local\Programs\MiKTeX 2.9\tex\generic\ifxetex\ifxetex.
sty"
Package: ifxetex 2010/09/12 v0.6 Provides ifxetex conditional
)
\Gm@cnth=\count87
\Gm@cntv=\count88
\c@Gm@tempcnt=\count89
\Gm@bindingoffset=\dimen103
\Gm@wd@mp=\dimen104
\Gm@odd@mp=\dimen105
\Gm@even@mp=\dimen106
\Gm@layoutwidth=\dimen107
\Gm@layoutheight=\dimen108
\Gm@layouthoffset=\dimen109
\Gm@layoutvoffset=\dimen110
\Gm@dimlist=\toks15

("C:\Users\Ayush\AppData\Local\Programs\MiKTeX 2.9\tex\latex\geometry\geometry.
cfg"))
("C:\Users\Ayush\AppData\Local\Programs\MiKTeX 2.9\tex\latex\base\inputenc.sty"
Package: inputenc 2015/03/17 v1.2c Input encoding file
\inpenc@prehook=\toks16
\inpenc@posthook=\toks17
("C:\Users\Ayush\AppData\Local\Programs\MiKTeX 2.9\tex\latex\base\utf8.def"
File: utf8.def 2016/02/28 v1.1s UTF-8 support for inputenc
Now handling font encoding OML ...
... no UTF-8 mapping file for font encoding OML
Now handling font encoding T1 ...
... processing UTF-8 mapping file for font encoding T1

("C:\Users\Ayush\AppData\Local\Programs\MiKTeX 2.9\tex\latex\base\t1enc.dfu"
File: t1enc.dfu 2016/02/28 v1.1s UTF-8 support for inputenc
   defining Unicode char U+00A0 (decimal 160)
   defining Unicode char U+00A1 (decimal 161)
   defining Unicode char U+00A3 (decimal 163)
   defining Unicode char U+00AB (decimal 171)
   defining Unicode char U+00AD (decimal 173)
   defining Unicode char U+00BB (decimal 187)
   defining Unicode char U+00BF (decimal 191)
   defining Unicode char U+00C0 (decimal 192)
   defining Unicode char U+00C1 (decimal 193)
   defining Unicode char U+00C2 (decimal 194)
   defining Unicode char U+00C3 (decimal 195)
   defining Unicode char U+00C4 (decimal 196)
   defining Unicode char U+00C5 (decimal 197)
   defining Unicode char U+00C6 (decimal 198)
   defining Unicode char U+00C7 (decimal 199)
   defining Unicode char U+00C8 (decimal 200)
   defining Unicode char U+00C9 (decimal 201)
   defining Unicode char U+00CA (decimal 202)
   defining Unicode char U+00CB (decimal 203)
   defining Unicode char U+00CC (decimal 204)
   defining Unicode char U+00CD (decimal 205)
   defining Unicode char U+00CE (decimal 206)
   defining Unicode char U+00CF (decimal 207)
   defining Unicode char U+00D0 (decimal 208)
   defining Unicode char U+00D1 (decimal 209)
   defining Unicode char U+00D2 (decimal 210)
   defining Unicode char U+00D3 (decimal 211)
   defining Unicode char U+00D4 (decimal 212)
   defining Unicode char U+00D5 (decimal 213)
   defining Unicode char U+00D6 (decimal 214)
   defining Unicode char U+00D8 (decimal 216)
   defining Unicode char U+00D9 (decimal 217)
   defining Unicode char U+00DA (decimal 218)
   defining Unicode char U+00DB (decimal 219)
   defining Unicode char U+00DC (decimal 220)
   defining Unicode char U+00DD (decimal 221)
   defining Unicode char U+00DE (decimal 222)
   defining Unicode char U+00DF (decimal 223)
   defining Unicode char U+00E0 (decimal 224)
   defining Unicode char U+00E1 (decimal 225)
   defining Unicode char U+00E2 (decimal 226)
   defining Unicode char U+00E3 (decimal 227)
   defining Unicode char U+00E4 (decimal 228)
   defining Unicode char U+00E5 (decimal 229)
   defining Unicode char U+00E6 (decimal 230)
   defining Unicode char U+00E7 (decimal 231)
   defining Unicode char U+00E8 (decimal 232)
   defining Unicode char U+00E9 (decimal 233)
   defining Unicode char U+00EA (decimal 234)
   defining Unicode char U+00EB (decimal 235)
   defining Unicode char U+00EC (decimal 236)
   defining Unicode char U+00ED (decimal 237)
   defining Unicode char U+00EE (decimal 238)
   defining Unicode char U+00EF (decimal 239)
   defining Unicode char U+00F0 (decimal 240)
   defining Unicode char U+00F1 (decimal 241)
   defining Unicode char U+00F2 (decimal 242)
   defining Unicode char U+00F3 (decimal 243)
   defining Unicode char U+00F4 (decimal 244)
   defining Unicode char U+00F5 (decimal 245)
   defining Unicode char U+00F6 (decimal 246)
   defining Unicode char U+00F8 (decimal 248)
   defining Unicode char U+00F9 (decimal 249)
   defining Unicode char U+00FA (decimal 250)
   defining Unicode char U+00FB (decimal 251)
   defining Unicode char U+00FC (decimal 252)
   defining Unicode char U+00FD (decimal 253)
   defining Unicode char U+00FE (decimal 254)
   defining Unicode char U+00FF (decimal 255)
   defining Unicode char U+0100 (decimal 256)
   defining Unicode char U+0101 (decimal 257)
   defining Unicode char U+0102 (decimal 258)
   defining Unicode char U+0103 (decimal 259)
   defining Unicode char U+0104 (decimal 260)
   defining Unicode char U+0105 (decimal 261)
   defining Unicode char U+0106 (decimal 262)
   defining Unicode char U+0107 (decimal 263)
   defining Unicode char U+0108 (decimal 264)
   defining Unicode char U+0109 (decimal 265)
   defining Unicode char U+010A (decimal 266)
   defining Unicode char U+010B (decimal 267)
   defining Unicode char U+010C (decimal 268)
   defining Unicode char U+010D (decimal 269)
   defining Unicode char U+010E (decimal 270)
   defining Unicode char U+010F (decimal 271)
   defining Unicode char U+0110 (decimal 272)
   defining Unicode char U+0111 (decimal 273)
   defining Unicode char U+0112 (decimal 274)
   defining Unicode char U+0113 (decimal 275)
   defining Unicode char U+0114 (decimal 276)
   defining Unicode char U+0115 (decimal 277)
   defining Unicode char U+0116 (decimal 278)
   defining Unicode char U+0117 (decimal 279)
   defining Unicode char U+0118 (decimal 280)
   defining Unicode char U+0119 (decimal 281)
   defining Unicode char U+011A (decimal 282)
   defining Unicode char U+011B (decimal 283)
   defining Unicode char U+011C (decimal 284)
   defining Unicode char U+011D (decimal 285)
   defining Unicode char U+011E (decimal 286)
   defining Unicode char U+011F (decimal 287)
   defining Unicode char U+0120 (decimal 288)
   defining Unicode char U+0121 (decimal 289)
   defining Unicode char U+0122 (decimal 290)
   defining Unicode char U+0123 (decimal 291)
   defining Unicode char U+0124 (decimal 292)
   defining Unicode char U+0125 (decimal 293)
   defining Unicode char U+0128 (decimal 296)
   defining Unicode char U+0129 (decimal 297)
   defining Unicode char U+012A (decimal 298)
   defining Unicode char U+012B (decimal 299)
   defining Unicode char U+012C (decimal 300)
   defining Unicode char U+012D (decimal 301)
   defining Unicode char U+012E (decimal 302)
   defining Unicode char U+012F (decimal 303)
   defining Unicode char U+0130 (decimal 304)
   defining Unicode char U+0131 (decimal 305)
   defining Unicode char U+0132 (decimal 306)
   defining Unicode char U+0133 (decimal 307)
   defining Unicode char U+0134 (decimal 308)
   defining Unicode char U+0135 (decimal 309)
   defining Unicode char U+0136 (decimal 310)
   defining Unicode char U+0137 (decimal 311)
   defining Unicode char U+0139 (decimal 313)
   defining Unicode char U+013A (decimal 314)
   defining Unicode char U+013B (decimal 315)
   defining Unicode char U+013C (decimal 316)
   defining Unicode char U+013D (decimal 317)
   defining Unicode char U+013E (decimal 318)
   defining Unicode char U+0141 (decimal 321)
   defining Unicode char U+0142 (decimal 322)
   defining Unicode char U+0143 (decimal 323)
   defining Unicode char U+0144 (decimal 324)
   defining Unicode char U+0145 (decimal 325)
   defining Unicode char U+0146 (decimal 326)
   defining Unicode char U+0147 (decimal 327)
   defining Unicode char U+0148 (decimal 328)
   defining Unicode char U+014A (decimal 330)
   defining Unicode char U+014B (decimal 331)
   defining Unicode char U+014C (decimal 332)
   defining Unicode char U+014D (decimal 333)
   defining Unicode char U+014E (decimal 334)
   defining Unicode char U+014F (decimal 335)
   defining Unicode char U+0150 (decimal 336)
   defining Unicode char U+0151 (decimal 337)
   defining Unicode char U+0152 (decimal 338)
   defining Unicode char U+0153 (decimal 339)
   defining Unicode char U+0154 (decimal 340)
   defining Unicode char U+0155 (decimal 341)
   defining Unicode char U+0156 (decimal 342)
   defining Unicode char U+0157 (decimal 343)
   defining Unicode char U+0158 (decimal 344)
   defining Unicode char U+0159 (decimal 345)
   defining Unicode char U+015A (decimal 346)
   defining Unicode char U+015B (decimal 347)
   defining Unicode char U+015C (decimal 348)
   defining Unicode char U+015D (decimal 349)
   defining Unicode char U+015E (decimal 350)
   defining Unicode char U+015F (decimal 351)
   defining Unicode char U+0160 (decimal 352)
   defining Unicode char U+0161 (decimal 353)
   defining Unicode char U+0162 (decimal 354)
   defining Unicode char U+0163 (decimal 355)
   defining Unicode char U+0164 (decimal 356)
   defining Unicode char U+0165 (decimal 357)
   defining Unicode char U+0168 (decimal 360)
   defining Unicode char U+0169 (decimal 361)
   defining Unicode char U+016A (decimal 362)
   defining Unicode char U+016B (decimal 363)
   defining Unicode char U+016C (decimal 364)
   defining Unicode char U+016D (decimal 365)
   defining Unicode char U+016E (decimal 366)
   defining Unicode char U+016F (decimal 367)
   defining Unicode char U+0170 (decimal 368)
   defining Unicode char U+0171 (decimal 369)
   defining Unicode char U+0172 (decimal 370)
   defining Unicode char U+0173 (decimal 371)
   defining Unicode char U+0174 (decimal 372)
   defining Unicode char U+0175 (decimal 373)
   defining Unicode char U+0176 (decimal 374)
   defining Unicode char U+0177 (decimal 375)
   defining Unicode char U+0178 (decimal 376)
   defining Unicode char U+0179 (decimal 377)
   defining Unicode char U+017A (decimal 378)
   defining Unicode char U+017B (decimal 379)
   defining Unicode char U+017C (decimal 380)
   defining Unicode char U+017D (decimal 381)
   defining Unicode char U+017E (decimal 382)
   defining Unicode char U+01CD (decimal 461)
   defining Unicode char U+01CE (decimal 462)
   defining Unicode char U+01CF (decimal 463)
   defining Unicode char U+01D0 (decimal 464)
   defining Unicode char U+01D1 (decimal 465)
   defining Unicode char U+01D2 (decimal 466)
   defining Unicode char U+01D3 (decimal 467)
   defining Unicode char U+01D4 (decimal 468)
   defining Unicode char U+01E2 (decimal 482)
   defining Unicode char U+01E3 (decimal 483)
   defining Unicode char U+01E6 (decimal 486)
   defining Unicode char U+01E7 (decimal 487)
   defining Unicode char U+01E8 (decimal 488)
   defining Unicode char U+01E9 (decimal 489)
   defining Unicode char U+01EA (decimal 490)
   defining Unicode char U+01EB (decimal 491)
   defining Unicode char U+01F0 (decimal 496)
   defining Unicode char U+01F4 (decimal 500)
   defining Unicode char U+01F5 (decimal 501)
   defining Unicode char U+0218 (decimal 536)
   defining Unicode char U+0219 (decimal 537)
   defining Unicode char U+021A (decimal 538)
   defining Unicode char U+021B (decimal 539)
   defining Unicode char U+1E02 (decimal 7682)
   defining Unicode char U+1E03 (decimal 7683)
   defining Unicode char U+200C (decimal 8204)
   defining Unicode char U+2010 (decimal 8208)
   defining Unicode char U+2011 (decimal 8209)
   defining Unicode char U+2012 (decimal 8210)
   defining Unicode char U+2013 (decimal 8211)
   defining Unicode char U+2014 (decimal 8212)
   defining Unicode char U+2015 (decimal 8213)
   defining Unicode char U+2018 (decimal 8216)
   defining Unicode char U+2019 (decimal 8217)
   defining Unicode char U+201A (decimal 8218)
   defining Unicode char U+201C (decimal 8220)
   defining Unicode char U+201D (decimal 8221)
   defining Unicode char U+201E (decimal 8222)
   defining Unicode char U+2030 (decimal 8240)
   defining Unicode char U+2031 (decimal 8241)
   defining Unicode char U+2039 (decimal 8249)
   defining Unicode char U+203A (decimal 8250)
   defining Unicode char U+2423 (decimal 9251)
)
Now handling font encoding OT1 ...
... processing UTF-8 mapping file for font encoding OT1

("C:\Users\Ayush\AppData\Local\Programs\MiKTeX 2.9\tex\latex\base\ot1enc.dfu"
File: ot1enc.dfu 2016/02/28 v1.1s UTF-8 support for inputenc
   defining Unicode char U+00A0 (decimal 160)
   defining Unicode char U+00A1 (decimal 161)
   defining Unicode char U+00A3 (decimal 163)
   defining Unicode char U+00AD (decimal 173)
   defining Unicode char U+00B8 (decimal 184)
   defining Unicode char U+00BF (decimal 191)
   defining Unicode char U+00C5 (decimal 197)
   defining Unicode char U+00C6 (decimal 198)
   defining Unicode char U+00D8 (decimal 216)
   defining Unicode char U+00DF (decimal 223)
   defining Unicode char U+00E6 (decimal 230)
   defining Unicode char U+00EC (decimal 236)
   defining Unicode char U+00ED (decimal 237)
   defining Unicode char U+00EE (decimal 238)
   defining Unicode char U+00EF (decimal 239)
   defining Unicode char U+00F8 (decimal 248)
   defining Unicode char U+0131 (decimal 305)
   defining Unicode char U+0141 (decimal 321)
   defining Unicode char U+0142 (decimal 322)
   defining Unicode char U+0152 (decimal 338)
   defining Unicode char U+0153 (decimal 339)
   defining Unicode char U+0174 (decimal 372)
   defining Unicode char U+0175 (decimal 373)
   defining Unicode char U+0176 (decimal 374)
   defining Unicode char U+0177 (decimal 375)
   defining Unicode char U+0218 (decimal 536)
   defining Unicode char U+0219 (decimal 537)
   defining Unicode char U+021A (decimal 538)
   defining Unicode char U+021B (decimal 539)
   defining Unicode char U+2013 (decimal 8211)
   defining Unicode char U+2014 (decimal 8212)
   defining Unicode char U+2018 (decimal 8216)
   defining Unicode char U+2019 (decimal 8217)
   defining Unicode char U+201C (decimal 8220)
   defining Unicode char U+201D (decimal 8221)
)
Now handling font encoding OMS ...
... processing UTF-8 mapping file for font encoding OMS

("C:\Users\Ayush\AppData\Local\Programs\MiKTeX 2.9\tex\latex\base\omsenc.dfu"
File: omsenc.dfu 2016/02/28 v1.1s UTF-8 support for inputenc
   defining Unicode char U+00A7 (decimal 167)
   defining Unicode char U+00B6 (decimal 182)
   defining Unicode char U+00B7 (decimal 183)
   defining Unicode char U+2020 (decimal 8224)
   defining Unicode char U+2021 (decimal 8225)
   defining Unicode char U+2022 (decimal 8226)
)
Now handling font encoding OMX ...
... no UTF-8 mapping file for font encoding OMX
Now handling font encoding U ...
... no UTF-8 mapping file for font encoding U
   defining Unicode char U+00A9 (decimal 169)
   defining Unicode char U+00AA (decimal 170)
   defining Unicode char U+00AE (decimal 174)
   defining Unicode char U+00BA (decimal 186)
   defining Unicode char U+02C6 (decimal 710)
   defining Unicode char U+02DC (decimal 732)
   defining Unicode char U+200C (decimal 8204)
   defining Unicode char U+2026 (decimal 8230)
   defining Unicode char U+2122 (decimal 8482)
   defining Unicode char U+2423 (decimal 9251)
))
("C:\Users\Ayush\AppData\Local\Programs\MiKTeX 2.9\tex\latex\hyperref\hyperref.
sty"
Package: hyperref 2016/06/24 v6.83q Hypertext links for LaTeX

("C:\Users\Ayush\AppData\Local\Programs\MiKTeX 2.9\tex\generic\oberdiek\hobsub-
hyperref.sty"
Package: hobsub-hyperref 2016/05/16 v1.14 Bundle oberdiek, subset hyperref (HO)


("C:\Users\Ayush\AppData\Local\Programs\MiKTeX 2.9\tex\generic\oberdiek\hobsub-
generic.sty"
Package: hobsub-generic 2016/05/16 v1.14 Bundle oberdiek, subset generic (HO)
Package: hobsub 2016/05/16 v1.14 Construct package bundles (HO)
Package: infwarerr 2016/05/16 v1.4 Providing info/warning/error messages (HO)
Package: ltxcmds 2016/05/16 v1.23 LaTeX kernel commands for general use (HO)
Package: ifluatex 2016/05/16 v1.4 Provides the ifluatex switch (HO)
Package ifluatex Info: LuaTeX not detected.
Package hobsub Info: Skipping package `ifvtex' (already loaded).
Package: intcalc 2016/05/16 v1.2 Expandable calculations with integers (HO)
Package hobsub Info: Skipping package `ifpdf' (already loaded).
Package: etexcmds 2016/05/16 v1.6 Avoid name clashes with e-TeX commands (HO)
Package etexcmds Info: Could not find \expanded.
(etexcmds)             That can mean that you are not using pdfTeX 1.50 or
(etexcmds)             that some package has redefined \expanded.
(etexcmds)             In the latter case, load this package earlier.
Package: kvsetkeys 2016/05/16 v1.17 Key value parser (HO)
Package: kvdefinekeys 2016/05/16 v1.4 Define keys (HO)
Package: pdftexcmds 2016/05/21 v0.22 Utility functions of pdfTeX for LuaTeX (HO
)
Package pdftexcmds Info: LuaTeX not detected.
Package pdftexcmds Info: \pdf@primitive is available.
Package pdftexcmds Info: \pdf@ifprimitive is available.
Package pdftexcmds Info: \pdfdraftmode found.
Package: pdfescape 2016/05/16 v1.14 Implements pdfTeX's escape features (HO)
Package: bigintcalc 2016/05/16 v1.4 Expandable calculations on big integers (HO
)
Package: bitset 2016/05/16 v1.2 Handle bit-vector datatype (HO)
Package: uniquecounter 2016/05/16 v1.3 Provide unlimited unique counter (HO)
)
Package hobsub Info: Skipping package `hobsub' (already loaded).
Package: letltxmacro 2016/05/16 v1.5 Let assignment for LaTeX macros (HO)
Package: hopatch 2016/05/16 v1.3 Wrapper for package hooks (HO)
Package: xcolor-patch 2016/05/16 xcolor patch
Package: atveryend 2016/05/16 v1.9 Hooks at the very end of document (HO)
Package atveryend Info: \enddocument detected (standard20110627).
Package: atbegshi 2016/06/09 v1.18 At begin shipout hook (HO)
Package: refcount 2016/05/16 v3.5 Data extraction from label references (HO)
Package: hycolor 2016/05/16 v1.8 Color options for hyperref/bookmark (HO)
)
("C:\Users\Ayush\AppData\Local\Programs\MiKTeX 2.9\tex\latex\oberdiek\auxhook.s
ty"
Package: auxhook 2016/05/16 v1.4 Hooks for auxiliary files (HO)
)
("C:\Users\Ayush\AppData\Local\Programs\MiKTeX 2.9\tex\latex\oberdiek\kvoptions
.sty"
Package: kvoptions 2016/05/16 v3.12 Key value format for package options (HO)
)
\@linkdim=\dimen111
\Hy@linkcounter=\count90
\Hy@pagecounter=\count91

("C:\Users\Ayush\AppData\Local\Programs\MiKTeX 2.9\tex\latex\hyperref\pd1enc.de
f"
File: pd1enc.def 2016/06/24 v6.83q Hyperref: PDFDocEncoding definition (HO)
Now handling font encoding PD1 ...
... no UTF-8 mapping file for font encoding PD1
)
\Hy@SavedSpaceFactor=\count92

("C:\Users\Ayush\AppData\Local\Programs\MiKTeX 2.9\tex\latex\00miktex\hyperref.
cfg"
File: hyperref.cfg 2002/06/06 v1.2 hyperref configuration of TeXLive
)
Package hyperref Info: Hyper figures OFF on input line 4486.
Package hyperref Info: Link nesting OFF on input line 4491.
Package hyperref Info: Hyper index ON on input line 4494.
Package hyperref Info: Plain pages OFF on input line 4501.
Package hyperref Info: Backreferencing OFF on input line 4506.
Package hyperref Info: Implicit mode ON; LaTeX internals redefined.
Package hyperref Info: Bookmarks ON on input line 4735.
\c@Hy@tempcnt=\count93
 ("C:\Users\Ayush\AppData\Local\Programs\MiKTeX 2.9\tex\latex\url\url.sty"
\Urlmuskip=\muskip10
Package: url 2013/09/16  ver 3.4  Verb mode for urls, etc.
)
LaTeX Info: Redefining \url on input line 5088.
\XeTeXLinkMargin=\dimen112
\Fld@menulength=\count94
\Field@Width=\dimen113
\Fld@charsize=\dimen114
Package hyperref Info: Hyper figures OFF on input line 6342.
Package hyperref Info: Link nesting OFF on input line 6347.
Package hyperref Info: Hyper index ON on input line 6350.
Package hyperref Info: backreferencing OFF on input line 6357.
Package hyperref Info: Link coloring OFF on input line 6362.
Package hyperref Info: Link coloring with OCG OFF on input line 6367.
Package hyperref Info: PDF/A mode OFF on input line 6372.
LaTeX Info: Redefining \ref on input line 6412.
LaTeX Info: Redefining \pageref on input line 6416.
\Hy@abspage=\count95
\c@Item=\count96
\c@Hfootnote=\count97
)

Package hyperref Message: Driver (autodetected): hpdftex.


("C:\Users\Ayush\AppData\Local\Programs\MiKTeX 2.9\tex\latex\hyperref\hpdftex.d
ef"
File: hpdftex.def 2016/06/24 v6.83q Hyperref driver for pdfTeX
\Fld@listcount=\count98
\c@bookmark@seq@number=\count99

("C:\Users\Ayush\AppData\Local\Programs\MiKTeX 2.9\tex\latex\oberdiek\rerunfile
check.sty"
Package: rerunfilecheck 2016/05/16 v1.8 Rerun checks for auxiliary files (HO)
Package uniquecounter Info: New unique counter `rerunfilecheck' on input line 2
82.
)
\Hy@SectionHShift=\skip43
)
("C:\Users\Ayush\AppData\Local\Programs\MiKTeX 2.9\tex\latex\enumitem\enumitem.
sty"
Package: enumitem 2011/09/28 v3.5.2 Customized lists
\labelindent=\skip44
\enit@outerparindent=\dimen115
\enit@toks=\toks18
\enit@inbox=\box26
\enitdp@description=\count100
)
("C:\Users\Ayush\AppData\Local\Programs\MiKTeX 2.9\tex\latex\changepage\changep
age.sty"
Package: changepage 2009/10/20 v1.0c check page and change page layout
\c@cp@cntr=\count101
\cp@tempcnt=\count102
)
("C:\Users\Ayush\AppData\Local\Programs\MiKTeX 2.9\tex\latex\xcolor\xcolor.sty"
Package: xcolor 2016/05/11 v2.12 LaTeX color extensions (UK)

("C:\Users\Ayush\AppData\Local\Programs\MiKTeX 2.9\tex\latex\graphics-cfg\color
.cfg"
File: color.cfg 2016/01/02 v1.6 sample color configuration
)
Package xcolor Info: Driver file: pdftex.def on input line 225.

("C:\Users\Ayush\AppData\Local\Programs\MiKTeX 2.9\tex\latex\graphics-def\pdfte
x.def"
File: pdftex.def 2017/01/12 v0.06k Graphics/color for pdfTeX
\Gread@gobject=\count103
)
("C:\Users\Ayush\AppData\Local\Programs\MiKTeX 2.9\tex\latex\colortbl\colortbl.
sty"
Package: colortbl 2012/02/13 v1.0a Color table columns (DPC)

("C:\Users\Ayush\AppData\Local\Programs\MiKTeX 2.9\tex\latex\tools\array.sty"
Package: array 2016/10/06 v2.4d Tabular extension package (FMi)
\col@sep=\dimen116
\extrarowheight=\dimen117
\NC@list=\toks19
\extratabsurround=\skip45
\backup@length=\skip46
)
\everycr=\toks20
\minrowclearance=\skip47
)
\rownum=\count104
Package xcolor Info: Model `cmy' substituted by `cmy0' on input line 1348.
Package xcolor Info: Model `hsb' substituted by `rgb' on input line 1352.
Package xcolor Info: Model `RGB' extended on input line 1364.
Package xcolor Info: Model `HTML' substituted by `rgb' on input line 1366.
Package xcolor Info: Model `Hsb' substituted by `hsb' on input line 1367.
Package xcolor Info: Model `tHsb' substituted by `hsb' on input line 1368.
Package xcolor Info: Model `HSB' substituted by `hsb' on input line 1369.
Package xcolor Info: Model `Gray' substituted by `gray' on input line 1370.
Package xcolor Info: Model `wave' substituted by `hsb' on input line 1371.
)
("C:\Users\Ayush\AppData\Local\Programs\MiKTeX 2.9\tex\latex\graphics\graphicx.
sty"
Package: graphicx 2014/10/28 v1.0g Enhanced LaTeX Graphics (DPC,SPQR)

("C:\Users\Ayush\AppData\Local\Programs\MiKTeX 2.9\tex\latex\graphics\graphics.
sty"
Package: graphics 2016/10/09 v1.0u Standard LaTeX Graphics (DPC,SPQR)

("C:\Users\Ayush\AppData\Local\Programs\MiKTeX 2.9\tex\latex\graphics\trig.sty"
Package: trig 2016/01/03 v1.10 sin cos tan (DPC)
)
("C:\Users\Ayush\AppData\Local\Programs\MiKTeX 2.9\tex\latex\graphics-cfg\graph
ics.cfg"
File: graphics.cfg 2016/06/04 v1.11 sample graphics configuration
)
Package graphics Info: Driver file: pdftex.def on input line 99.
)
\Gin@req@height=\dimen118
\Gin@req@width=\dimen119
)
("C:\Users\Ayush\AppData\Local\Programs\MiKTeX 2.9\tex\latex\fancyhdr\fancyhdr.
sty"
Package: fancyhdr 2016/10/11 v3.9 Extensive control of page headers and footers

\f@nch@headwidth=\skip48
\f@nch@O@elh=\skip49
\f@nch@O@erh=\skip50
\f@nch@O@olh=\skip51
\f@nch@O@orh=\skip52
\f@nch@O@elf=\skip53
\f@nch@O@erf=\skip54
\f@nch@O@olf=\skip55
\f@nch@O@orf=\skip56
)
("C:\Users\Ayush\AppData\Local\Programs\MiKTeX 2.9\tex\latex\titlesec\titlesec.
sty"
Package: titlesec 2016/03/21 v2.10.2 Sectioning titles
\ttl@box=\box27
\beforetitleunit=\skip57
\aftertitleunit=\skip58
\ttl@plus=\dimen120
\ttl@minus=\dimen121
\ttl@toksa=\toks21
\titlewidth=\dimen122
\titlewidthlast=\dimen123
\titlewidthfirst=\dimen124
)
("C:\Users\Ayush\AppData\Local\Programs\MiKTeX 2.9\tex\latex\tools\longtable.st
y"
Package: longtable 2014/10/28 v4.11 Multi-page Table package (DPC)
\LTleft=\skip59
\LTright=\skip60
\LTpre=\skip61
\LTpost=\skip62
\LTchunksize=\count105
\LTcapwidth=\dimen125
\LT@head=\box28
\LT@firsthead=\box29
\LT@foot=\box30
\LT@lastfoot=\box31
\LT@cols=\count106
\LT@rows=\count107
\c@LT@tables=\count108
\c@LT@chunks=\count109
\LT@p@ftn=\toks22
)
("C:\Users\Ayush\AppData\Local\Programs\MiKTeX 2.9\tex\latex\setspace\setspace.
sty"
Package: setspace 2011/12/19 v6.7a set line spacing
)
("C:\Users\Ayush\AppData\Local\Programs\MiKTeX 2.9\tex\latex\amsmath\amsmath.st
y"
Package: amsmath 2016/11/05 v2.16a AMS math features
\@mathmargin=\skip63

For additional information on amsmath, use the `?' option.

("C:\Users\Ayush\AppData\Local\Programs\MiKTeX 2.9\tex\latex\amsmath\amstext.st
y"
Package: amstext 2000/06/29 v2.01 AMS text

("C:\Users\Ayush\AppData\Local\Programs\MiKTeX 2.9\tex\latex\amsmath\amsgen.sty
"
File: amsgen.sty 1999/11/30 v2.0 generic functions
\@emptytoks=\toks23
\ex@=\dimen126
))
("C:\Users\Ayush\AppData\Local\Programs\MiKTeX 2.9\tex\latex\amsmath\amsbsy.sty
"
Package: amsbsy 1999/11/29 v1.2d Bold Symbols
\pmbraise@=\dimen127
)
("C:\Users\Ayush\AppData\Local\Programs\MiKTeX 2.9\tex\latex\amsmath\amsopn.sty
"
Package: amsopn 2016/03/08 v2.02 operator names
)
\inf@bad=\count110
LaTeX Info: Redefining \frac on input line 213.
\uproot@=\count111
\leftroot@=\count112
LaTeX Info: Redefining \overline on input line 375.
\classnum@=\count113
\DOTSCASE@=\count114
LaTeX Info: Redefining \ldots on input line 472.
LaTeX Info: Redefining \dots on input line 475.
LaTeX Info: Redefining \cdots on input line 596.
\Mathstrutbox@=\box32
\strutbox@=\box33
\big@size=\dimen128
LaTeX Font Info:    Redeclaring font encoding OML on input line 712.
LaTeX Font Info:    Redeclaring font encoding OMS on input line 713.
\macc@depth=\count115
\c@MaxMatrixCols=\count116
\dotsspace@=\muskip11
\c@parentequation=\count117
\dspbrk@lvl=\count118
\tag@help=\toks24
\row@=\count119
\column@=\count120
\maxfields@=\count121
\andhelp@=\toks25
\eqnshift@=\dimen129
\alignsep@=\dimen130
\tagshift@=\dimen131
\tagwidth@=\dimen132
\totwidth@=\dimen133
\lineht@=\dimen134
\@envbody=\toks26
\multlinegap=\skip64
\multlinetaggap=\skip65
\mathdisplay@stack=\toks27
LaTeX Info: Redefining \[ on input line 2817.
LaTeX Info: Redefining \] on input line 2818.
)
("C:\Users\Ayush\AppData\Local\Programs\MiKTeX 2.9\tex\latex\listings\listings.
sty"
\lst@mode=\count122
\lst@gtempboxa=\box34
\lst@token=\toks28
\lst@length=\count123
\lst@currlwidth=\dimen135
\lst@column=\count124
\lst@pos=\count125
\lst@lostspace=\dimen136
\lst@width=\dimen137
\lst@newlines=\count126
\lst@lineno=\count127
\lst@maxwidth=\dimen138

("C:\Users\Ayush\AppData\Local\Programs\MiKTeX 2.9\tex\latex\listings\lstmisc.s
ty"
File: lstmisc.sty 2015/06/04 1.6 (Carsten Heinz)
\c@lstnumber=\count128
\lst@skipnumbers=\count129
\lst@framebox=\box35
)
("C:\Users\Ayush\AppData\Local\Programs\MiKTeX 2.9\tex\latex\listings\listings.
cfg"
File: listings.cfg 2015/06/04 1.6 listings configuration
))
Package: listings 2015/06/04 1.6 (Carsten Heinz)
Package hyperref Info: Option `colorlinks' set `true' on input line 24.
 (Manual.aux)
\openout1 = `Manual.aux'.

LaTeX Font Info:    Checking defaults for OML/cmm/m/it on input line 67.
LaTeX Font Info:    ... okay on input line 67.
LaTeX Font Info:    Checking defaults for T1/cmr/m/n on input line 67.
LaTeX Font Info:    ... okay on input line 67.
LaTeX Font Info:    Checking defaults for OT1/cmr/m/n on input line 67.
LaTeX Font Info:    ... okay on input line 67.
LaTeX Font Info:    Checking defaults for OMS/cmsy/m/n on input line 67.
LaTeX Font Info:    ... okay on input line 67.
LaTeX Font Info:    Checking defaults for OMX/cmex/m/n on input line 67.
LaTeX Font Info:    ... okay on input line 67.
LaTeX Font Info:    Checking defaults for U/cmr/m/n on input line 67.
LaTeX Font Info:    ... okay on input line 67.
LaTeX Font Info:    Checking defaults for PD1/pdf/m/n on input line 67.
LaTeX Font Info:    ... okay on input line 67.

*geometry* driver: auto-detecting
*geometry* detected driver: pdftex
*geometry* verbose mode - [ preamble ] result:
* driver: pdftex
* paper: a4paper
* layout: <same size as paper>
* layoutoffset:(h,v)=(0.0pt,0.0pt)
* modes: 
* h-part:(L,W,R)=(28.45274pt, 540.60239pt, 28.45274pt)
* v-part:(T,H,B)=(56.9055pt, 731.23584pt, 56.9055pt)
* \paperwidth=597.50787pt
* \paperheight=845.04684pt
* \textwidth=540.60239pt
* \textheight=731.23584pt
* \oddsidemargin=-43.81725pt
* \evensidemargin=-43.81725pt
* \topmargin=-52.36449pt
* \headheight=12.0pt
* \headsep=25.0pt
* \topskip=12.0pt
* \footskip=30.0pt
* \marginparwidth=35.0pt
* \marginparsep=10.0pt
* \columnsep=10.0pt
* \skip\footins=10.8pt plus 4.0pt minus 2.0pt
* \hoffset=0.0pt
* \voffset=0.0pt
* \mag=1000
* \@twocolumnfalse
* \@twosidefalse
* \@mparswitchfalse
* \@reversemarginfalse
* (1in=72.27pt=25.4mm, 1cm=28.453pt)

\AtBeginShipoutBox=\box36
Package hyperref Info: Link coloring ON on input line 67.

("C:\Users\Ayush\AppData\Local\Programs\MiKTeX 2.9\tex\latex\hyperref\nameref.s
ty"
Package: nameref 2016/05/21 v2.44 Cross-referencing by name of section

("C:\Users\Ayush\AppData\Local\Programs\MiKTeX 2.9\tex\generic\oberdiek\gettitl
estring.sty"
Package: gettitlestring 2016/05/16 v1.5 Cleanup title references (HO)
)
\c@section@level=\count130
)
LaTeX Info: Redefining \ref on input line 67.
LaTeX Info: Redefining \pageref on input line 67.
LaTeX Info: Redefining \nameref on input line 67.
 (Manual.out) (Manual.out)
\@outlinefile=\write3
\openout3 = `Manual.out'.


("C:\Users\Ayush\AppData\Local\Programs\MiKTeX 2.9\tex\context\base\supp-pdf.mk
ii"
[Loading MPS to PDF converter (version 2006.09.02).]
\scratchcounter=\count131
\scratchdimen=\dimen139
\scratchbox=\box37
\nofMPsegments=\count132
\nofMParguments=\count133
\everyMPshowfont=\toks29
\MPscratchCnt=\count134
\MPscratchDim=\dimen140
\MPnumerator=\count135
\makeMPintoPDFobject=\count136
\everyMPtoPDFconversion=\toks30
)
("C:\Users\Ayush\AppData\Local\Programs\MiKTeX 2.9\tex\latex\oberdiek\epstopdf-
base.sty"
Package: epstopdf-base 2016/05/15 v2.6 Base part for package epstopdf

("C:\Users\Ayush\AppData\Local\Programs\MiKTeX 2.9\tex\latex\oberdiek\grfext.st
y"
Package: grfext 2016/05/16 v1.2 Manage graphics extensions (HO)
)
Package epstopdf-base Info: Redefining graphics rule for `.eps' on input line 4
38.
Package grfext Info: Graphics extension search list:
(grfext)             [.png,.pdf,.jpg,.mps,.jpeg,.jbig2,.jb2,.PNG,.PDF,.JPG,.JPE
G,.JBIG2,.JB2,.eps]
(grfext)             \AppendGraphicsExtensions on input line 456.
)
\c@lstlisting=\count137
 [1

{C:/Users/Ayush/AppData/Local/MiKTeX/2.9/pdftex/config/pdftex.map}]
Underfull \hbox (badness 10000) in paragraph at lines 72--79

 []


Underfull \hbox (badness 10000) in paragraph at lines 72--79

 []


Underfull \hbox (badness 10000) in paragraph at lines 72--79

 []


Underfull \hbox (badness 10000) in paragraph at lines 72--79

 []


Package Fancyhdr Warning: \headheight is too small (12.0pt): 
 Make it at least 14.49998pt.
 We now make it that large for the rest of the document.
 This may cause the page layout to be inconsistent, however.

[2]
Underfull \hbox (badness 10000) in paragraph at lines 91--94

 []

[3] (Manual.toc

Package Fancyhdr Warning: \headheight is too small (14.49998pt): 
 Make it at least 21.42049pt.
 We now make it that large for the rest of the document.
 This may cause the page layout to be inconsistent, however.

[4] [5])
\tf@toc=\write4
\openout4 = `Manual.toc'.

 [6] [7]
LaTeX Font Info:    Try loading font information for OMS+cmr on input line 104.


("C:\Users\Ayush\AppData\Local\Programs\MiKTeX 2.9\tex\latex\base\omscmr.fd"
File: omscmr.fd 2014/09/29 v2.5h Standard LaTeX font definitions
)
LaTeX Font Info:    Font shape `OMS/cmr/m/n' in size <14.4> not available
(Font)              Font shape `OMS/cmsy/m/n' tried instead on input line 104.

[8]
Underfull \hbox (badness 10000) in paragraph at lines 135--136

 []


Package hyperref Warning: Token not allowed in a PDF string (PDFDocEncoding):
(hyperref)                removing `\\' on input line 136.


Underfull \hbox (badness 10000) in paragraph at lines 137--162

 []


Underfull \hbox (badness 10000) in paragraph at lines 137--162

 []


Underfull \hbox (badness 10000) in paragraph at lines 137--162

 []


Underfull \hbox (badness 10000) in paragraph at lines 137--162

 []


Underfull \hbox (badness 10000) in paragraph at lines 137--162

 []


Underfull \hbox (badness 10000) in paragraph at lines 137--162

 []


Underfull \hbox (badness 10000) in paragraph at lines 137--162

 []

[9]

Package hyperref Warning: Token not allowed in a PDF string (PDFDocEncoding):
(hyperref)                removing `\\' on input line 164.


Underfull \hbox (badness 10000) in paragraph at lines 168--169

 []

<Images/3VPowerSupply.png, id=391, 796.47563pt x 355.3275pt>
File: Images/3VPowerSupply.png Graphic file (type png)

<use Images/3VPowerSupply.png>
Package pdftex.def Info: Images/3VPowerSupply.png used on input line 170.
(pdftex.def)             Requested size: 512.16116pt x 227.62569pt.


! LaTeX Error: \caption outside float.

See the LaTeX manual or LaTeX Companion for explanation.
Type  H <return>  for immediate help.
 ...                                              
                                                  
l.171 	\caption
               {figure 1.}
You're in trouble here.  Try typing  <return>  to proceed.
If that doesn't work, type  X <return>  to quit.


Underfull \hbox (badness 10000) in paragraph at lines 170--172

 []

[10]
Underfull \hbox (badness 10000) in paragraph at lines 173--174

 []

<Images/ServoPowerSupply.png, id=397, 797.22844pt x 305.64188pt>
File: Images/ServoPowerSupply.png Graphic file (type png)

<use Images/ServoPowerSupply.png>
Package pdftex.def Info: Images/ServoPowerSupply.png used on input line 175.
(pdftex.def)             Requested size: 512.17082pt x 227.62184pt.

Underfull \hbox (badness 10000) in paragraph at lines 175--176

 []


Underfull \hbox (badness 10000) in paragraph at lines 177--178

 []


Package Fancyhdr Warning: \headheight is too small (21.42049pt): 
 Make it at least 30.0pt.
 We now make it that large for the rest of the document.
 This may cause the page layout to be inconsistent, however.

[11 <./Images/3VPowerSupply.png> <./Images/ServoPowerSupply.png>]
<Images/Level_Converter.png, id=405, 502.12593pt x 272.51813pt>
File: Images/Level_Converter.png Graphic file (type png)

<use Images/Level_Converter.png>
Package pdftex.def Info: Images/Level_Converter.png used on input line 180.
(pdftex.def)             Requested size: 341.44878pt x 170.71428pt.

Overfull \hbox (130.1753pt too wide) in paragraph at lines 179--188
[] 
 []


Underfull \hbox (badness 10000) in paragraph at lines 179--188

 []


Underfull \hbox (badness 10000) in paragraph at lines 179--188

 []


Underfull \hbox (badness 10000) in paragraph at lines 190--191

 []

<Images/3v3Sensors.png, id=406, 348.55219pt x 275.52937pt>
File: Images/3v3Sensors.png Graphic file (type png)

<use Images/3v3Sensors.png>
Package pdftex.def Info: Images/3v3Sensors.png used on input line 192.
(pdftex.def)             Requested size: 348.55132pt x 275.52869pt.
 [12 <./Images/Level_Converter.png>]
<Images/5Vsensor1.png, id=412, 325.215pt x 170.13562pt>
File: Images/5Vsensor1.png Graphic file (type png)

<use Images/5Vsensor1.png>
Package pdftex.def Info: Images/5Vsensor1.png used on input line 198.
(pdftex.def)             Requested size: 325.2142pt x 170.1352pt.

<Images/5Vsensor2.png, id=413, 347.79938pt x 91.09032pt>
File: Images/5Vsensor2.png Graphic file (type png)

<use Images/5Vsensor2.png>
Package pdftex.def Info: Images/5Vsensor2.png used on input line 199.
(pdftex.def)             Requested size: 347.79852pt x 91.09007pt.

Underfull \hbox (badness 10000) in paragraph at lines 202--203

 []

[13 <./Images/3v3Sensors.png> <./Images/5Vsensor1.png> <./Images/5Vsensor2.png>
] <Images/portexpandePlug.png, id=423, 306.39468pt x 249.18094pt>
File: Images/portexpandePlug.png Graphic file (type png)

<use Images/portexpandePlug.png>
Package pdftex.def Info: Images/portexpandePlug.png used on input line 204.
(pdftex.def)             Requested size: 306.39394pt x 249.18031pt.

<Images/portExpanderuc.png, id=424, 338.01282pt x 276.28218pt>
File: Images/portExpanderuc.png Graphic file (type png)

<use Images/portExpanderuc.png>
Package pdftex.def Info: Images/portExpanderuc.png used on input line 205.
(pdftex.def)             Requested size: 338.01198pt x 276.2815pt.

Underfull \hbox (badness 10000) in paragraph at lines 208--209

 []

[14 <./Images/portexpandePlug.png> <./Images/portExpanderuc.png>]
<Images/externaladcuC.png, id=432, 374.90062pt x 161.85469pt>
File: Images/externaladcuC.png Graphic file (type png)

<use Images/externaladcuC.png>
Package pdftex.def Info: Images/externaladcuC.png used on input line 210.
(pdftex.def)             Requested size: 374.8997pt x 161.85428pt.

<Images/externalADCplug.png, id=433, 386.19281pt x 151.3153pt>
File: Images/externalADCplug.png Graphic file (type png)

<use Images/externalADCplug.png>
Package pdftex.def Info: Images/externalADCplug.png used on input line 211.
(pdftex.def)             Requested size: 386.19185pt x 151.31493pt.
 [15 <./Images/externaladcuC.png> <./Images/externalADCplug.png>] <Images/lcdPl
ug.png, id=440, 295.1025pt x 231.86626pt>
File: Images/lcdPlug.png Graphic file (type png)

<use Images/lcdPlug.png>
Package pdftex.def Info: Images/lcdPlug.png used on input line 229.
(pdftex.def)             Requested size: 295.10176pt x 231.86568pt.
 <Images/lcduC.png, id=441, 249.93375pt x 213.79875pt>
File: Images/lcduC.png Graphic file (type png)

<use Images/lcduC.png>
Package pdftex.def Info: Images/lcduC.png used on input line 230.
(pdftex.def)             Requested size: 249.93314pt x 213.79822pt.
 <Images/lcdpin.png, id=442, 345.54094pt x 104.64093pt>
File: Images/lcdpin.png Graphic file (type png)

<use Images/lcdpin.png>
Package pdftex.def Info: Images/lcdpin.png used on input line 231.
(pdftex.def)             Requested size: 345.54008pt x 104.64066pt.
 [16 <./Images/lcdPlug.png> <./Images/lcduC.png> <./Images/lcdpin.png>] <Images
/ft232.png, id=450, 387.69844pt x 288.3272pt>
File: Images/ft232.png Graphic file (type png)

<use Images/ft232.png>
Package pdftex.def Info: Images/ft232.png used on input line 242.
(pdftex.def)             Requested size: 387.69748pt x 288.32648pt.

Underfull \hbox (badness 10000) in paragraph at lines 246--247

 []

<Images/Reset_Switch.png, id=451, 553.31718pt x 270.25969pt>
File: Images/Reset_Switch.png Graphic file (type png)

<use Images/Reset_Switch.png>
Package pdftex.def Info: Images/Reset_Switch.png used on input line 248.
(pdftex.def)             Requested size: 369.88474pt x 170.71811pt.
 [17 <./Images/ft232.png>]
Underfull \hbox (badness 10000) in paragraph at lines 251--254

 []

<Images/servoPlug.png, id=457, 396.7322pt x 225.09094pt>
File: Images/servoPlug.png Graphic file (type png)

<use Images/servoPlug.png>
Package pdftex.def Info: Images/servoPlug.png used on input line 255.
(pdftex.def)             Requested size: 396.73122pt x 225.09038pt.
 <Images/servouc.png, id=458, 313.17pt x 228.855pt>
File: Images/servouc.png Graphic file (type png)

<use Images/servouc.png>
Package pdftex.def Info: Images/servouc.png used on input line 256.
(pdftex.def)             Requested size: 313.16922pt x 228.85443pt.
 [18 <./Images/Reset_Switch.png> <./Images/servoPlug.png>] <Images/uc.png, id=4
65, 238.64156pt x 741.52031pt>
File: Images/uc.png Graphic file (type png)
 <use Images/uc.png>
Package pdftex.def Info: Images/uc.png used on input line 277.
(pdftex.def)             Requested size: 238.64096pt x 741.5185pt.

[19 <./Images/servouc.png>]
Overfull \vbox (10.28265pt too high) has occurred while \output is active []


[20 <./Images/uc.png>]
Underfull \vbox (badness 10000) detected at line 301
 []

[21]
Underfull \hbox (badness 10000) in paragraph at lines 350--350
[]|\OT1/cmr/m/n/14.4 Pin
 []


Overfull \hbox (2.66258pt too wide) in paragraph at lines 350--350
\OT1/cmr/m/n/14.4 Out| 
 []


Underfull \hbox (badness 6063) in paragraph at lines 350--350
[]|\OT1/cmr/m/n/14.4 PIN on
 []


Underfull \hbox (badness 10000) in paragraph at lines 350--350
[]|\OT1/cmr/m/n/14.4 Pin on
 []


Underfull \hbox (badness 10000) in paragraph at lines 350--350
\OT1/cmr/m/n/14.4 Plug-
 []


Underfull \hbox (badness 10000) in paragraph at lines 350--350
\OT1/cmr/m/n/14.4 gable
 []


Underfull \hbox (badness 1231) in paragraph at lines 351--351
[]|\OT1/cmr/m/n/14.4 Not Us-
 []


Underfull \hbox (badness 10000) in paragraph at lines 352--352
[]|\OT1/cmr/m/n/14.4 External
 []


Underfull \hbox (badness 10000) in paragraph at lines 352--352
\OT1/cmr/m/n/14.4 Adc
 []


Underfull \hbox (badness 10000) in paragraph at lines 369--369
[]|\OT1/cmr/m/n/14.4 SHARP IR Range
 []


Overfull \hbox (14.4723pt too wide) in paragraph at lines 369--369
[]|\OT1/cmr/m/n/14.4 PE0(lm324
 []


Underfull \hbox (badness 10000) in paragraph at lines 373--373
[]|\OT1/cmr/m/n/14.4 SHARP IR Range
 []


Overfull \hbox (14.4723pt too wide) in paragraph at lines 373--373
[]|\OT1/cmr/m/n/14.4 PE2(lm324
 []


Overfull \hbox (2.93333pt too wide) in alignment at lines 349--377
 [] [] [] [] [] 
 []


Underfull \vbox (badness 10000) detected at line 377
 []


Underfull \hbox (badness 10000) in paragraph at lines 391--392
[]|\OT1/cmr/m/n/14.4 "Sharp IR Sen-sors
 []


Underfull \hbox (badness 10000) in paragraph at lines 395--395
[]|\OT1/cmr/m/n/14.4 up any
 []


Underfull \hbox (badness 10000) in paragraph at lines 395--395
\OT1/cmr/m/n/14.4 dig-i-tal
 []


Underfull \hbox (badness 10000) in paragraph at lines 395--395
\OT1/cmr/m/n/14.4 de-vice.
 []


Underfull \hbox (badness 10000) in paragraph at lines 395--395
\OT1/cmr/m/n/14.4 Cur-rent
 []


Underfull \hbox (badness 10000) in paragraph at lines 395--395
\OT1/cmr/m/n/14.4 Limit:
 []


Underfull \hbox (badness 10000) in paragraph at lines 396--396
[]|\OT1/cmr/m/n/14.4 External
 []


Underfull \hbox (badness 10000) in paragraph at lines 396--396
\OT1/cmr/m/n/14.4 Adc
 []


Underfull \hbox (badness 10000) in paragraph at lines 397--397
[]|\OT1/cmr/m/n/14.4 External
 []


Underfull \hbox (badness 10000) in paragraph at lines 397--397
\OT1/cmr/m/n/14.4 Adc
 []


Underfull \hbox (badness 10000) in paragraph at lines 398--398
[]|\OT1/cmr/m/n/14.4 External
 []


Underfull \hbox (badness 10000) in paragraph at lines 398--398
\OT1/cmr/m/n/14.4 Adc
 []


Underfull \hbox (badness 10000) in paragraph at lines 399--399
[]|\OT1/cmr/m/n/14.4 External
 []


Underfull \hbox (badness 10000) in paragraph at lines 399--399
\OT1/cmr/m/n/14.4 Adc
 []


Overfull \hbox (2.93333pt too wide) in alignment at lines 377--399
 [] [] [] [] [] 
 []

[22]
Underfull \hbox (badness 3471) in paragraph at lines 400--400
[]|\OT1/cmr/m/n/14.4 White Line Sen-sors
 []


Underfull \hbox (badness 10000) in paragraph at lines 401--401
[]|\OT1/cmr/m/n/14.4 Sharp IR Range
 []


Underfull \hbox (badness 10000) in paragraph at lines 404--404
[]|\OT1/cmr/m/n/14.4 Sharp IR Range
 []


Underfull \hbox (badness 1728) in paragraph at lines 404--404
[]|\OT1/cmr/m/n/14.4 in 5 ex
 []


Underfull \hbox (badness 2707) in paragraph at lines 404--404
\OT1/cmr/m/n/14.4 (lm 324
 []


Underfull \hbox (badness 10000) in paragraph at lines 405--405
[]|\OT1/cmr/m/n/14.4 Sharp IR Range
 []


Underfull \hbox (badness 10000) in paragraph at lines 405--405
[]|\OT1/cmr/m/n/14.4 PB4
 []


Underfull \hbox (badness 10000) in paragraph at lines 405--405
\OT1/cmr/m/n/14.4 (lm358
 []


Underfull \hbox (badness 1776) in paragraph at lines 414--414
[]|\OT1/cmr/m/n/14.4 right mo-tor PWM(timer pin in
 []


Overfull \hbox (2.93333pt too wide) in alignment at lines 399--419
 [] [] [] [] [] 
 []

[23] [24]
Overfull \hbox (2.93333pt too wide) in alignment at lines 419--436
 [] [] [] [] [] 
 []

[25]
Underfull \hbox (badness 10000) in paragraph at lines 439--439
[]|\OT1/cmr/m/n/14.4 Pin
 []


Overfull \hbox (14.01581pt too wide) in paragraph at lines 439--439
\OT1/cmr/m/n/14.4 Name| 
 []


Underfull \hbox (badness 7468) in paragraph at lines 439--439
[]|\OT1/cmr/m/n/14.4 Pin Con-nec-tion on
 []


Overfull \hbox (4.4176pt too wide) in paragraph at lines 440--440
[]|\OT1/cmr/m/n/14.4 PA0| 
 []


Overfull \hbox (4.4176pt too wide) in paragraph at lines 441--441
[]|\OT1/cmr/m/n/14.4 PA1| 
 []


Overfull \hbox (4.4176pt too wide) in paragraph at lines 442--442
[]|\OT1/cmr/m/n/14.4 PA2| 
 []


Overfull \hbox (4.4176pt too wide) in paragraph at lines 443--443
[]|\OT1/cmr/m/n/14.4 PA3| 
 []


Overfull \hbox (4.4176pt too wide) in paragraph at lines 444--444
[]|\OT1/cmr/m/n/14.4 PA4| 
 []


Overfull \hbox (4.4176pt too wide) in paragraph at lines 445--445
[]|\OT1/cmr/m/n/14.4 PA5| 
 []


Overfull \hbox (4.4176pt too wide) in paragraph at lines 446--446
[]|\OT1/cmr/m/n/14.4 PA6| 
 []


Overfull \hbox (4.4176pt too wide) in paragraph at lines 447--447
[]|\OT1/cmr/m/n/14.4 PA7| 
 []


Overfull \hbox (5.00758pt too wide) in paragraph at lines 449--449
[]|\OT1/cmr/m/n/14.4 PB0| 
 []


Overfull \hbox (5.00758pt too wide) in paragraph at lines 450--450
[]|\OT1/cmr/m/n/14.4 PB1| 
 []


Overfull \hbox (5.00758pt too wide) in paragraph at lines 451--451
[]|\OT1/cmr/m/n/14.4 PB2| 
 []


Overfull \hbox (5.00758pt too wide) in paragraph at lines 452--452
[]|\OT1/cmr/m/n/14.4 PB3| 
 []


Overfull \hbox (5.00758pt too wide) in paragraph at lines 453--453
[]|\OT1/cmr/m/n/14.4 PB4| 
 []


Overfull \hbox (5.00758pt too wide) in paragraph at lines 454--454
[]|\OT1/cmr/m/n/14.4 PB5| 
 []


Overfull \hbox (5.00758pt too wide) in paragraph at lines 455--455
[]|\OT1/cmr/m/n/14.4 PB6| 
 []


Overfull \hbox (5.2059pt too wide) in paragraph at lines 456--456
[]|\OT1/cmr/m/n/14.4 PC0| 
 []


Overfull \hbox (5.2059pt too wide) in paragraph at lines 457--457
[]|\OT1/cmr/m/n/14.4 PC1| 
 []


Overfull \hbox (5.2059pt too wide) in paragraph at lines 458--458
[]|\OT1/cmr/m/n/14.4 PC2| 
 []


Overfull \hbox (5.2059pt too wide) in paragraph at lines 459--459
[]|\OT1/cmr/m/n/14.4 PC3| 
 []


Underfull \vbox (badness 10000) detected at line 459
 []


Overfull \hbox (5.2059pt too wide) in paragraph at lines 460--460
[]|\OT1/cmr/m/n/14.4 PC4| 
 []


Overfull \hbox (5.2059pt too wide) in paragraph at lines 461--461
[]|\OT1/cmr/m/n/14.4 PC5| 
 []


Overfull \hbox (5.2059pt too wide) in paragraph at lines 462--462
[]|\OT1/cmr/m/n/14.4 PC6| 
 []


Overfull \hbox (5.2059pt too wide) in paragraph at lines 463--463
[]|\OT1/cmr/m/n/14.4 PC7| 
 []


Overfull \hbox (5.79091pt too wide) in paragraph at lines 465--465
[]|\OT1/cmr/m/n/14.4 PD0| 
 []


Overfull \hbox (5.79091pt too wide) in paragraph at lines 466--466
[]|\OT1/cmr/m/n/14.4 PD1| 
 []


Overfull \hbox (5.79091pt too wide) in paragraph at lines 467--467
[]|\OT1/cmr/m/n/14.4 PD2| 
 []


Overfull \hbox (5.79091pt too wide) in paragraph at lines 468--468
[]|\OT1/cmr/m/n/14.4 PD3| 
 []


Overfull \hbox (5.79091pt too wide) in paragraph at lines 469--469
[]|\OT1/cmr/m/n/14.4 PD4| 
 []


Overfull \hbox (5.79091pt too wide) in paragraph at lines 470--470
[]|\OT1/cmr/m/n/14.4 PD5| 
 []


Overfull \hbox (5.79091pt too wide) in paragraph at lines 471--471
[]|\OT1/cmr/m/n/14.4 PD6| 
 []


Overfull \hbox (5.79091pt too wide) in paragraph at lines 472--472
[]|\OT1/cmr/m/n/14.4 PD7| 
 []


Overfull \hbox (4.61592pt too wide) in paragraph at lines 474--474
[]|\OT1/cmr/m/n/14.4 PE0| 
 []


Overfull \hbox (4.61592pt too wide) in paragraph at lines 475--475
[]|\OT1/cmr/m/n/14.4 PE1| 
 []


Overfull \hbox (4.61592pt too wide) in paragraph at lines 476--476
[]|\OT1/cmr/m/n/14.4 PE2| 
 []


Overfull \hbox (4.61592pt too wide) in paragraph at lines 477--477
[]|\OT1/cmr/m/n/14.4 PE3| 
 []


Overfull \hbox (4.61592pt too wide) in paragraph at lines 478--478
[]|\OT1/cmr/m/n/14.4 PE4| 
 []


Overfull \hbox (4.61592pt too wide) in paragraph at lines 479--479
[]|\OT1/cmr/m/n/14.4 PE5| 
 []


Overfull \hbox (4.61592pt too wide) in paragraph at lines 480--480
[]|\OT1/cmr/m/n/14.4 PE6| 
 []


Overfull \hbox (4.61592pt too wide) in paragraph at lines 481--481
[]|\OT1/cmr/m/n/14.4 PE7| 
 []

[26]
Overfull \hbox (4.22426pt too wide) in paragraph at lines 483--483
[]|\OT1/cmr/m/n/14.4 PF0| 
 []


Overfull \hbox (4.22426pt too wide) in paragraph at lines 484--484
[]|\OT1/cmr/m/n/14.4 PF1| 
 []


Overfull \hbox (4.22426pt too wide) in paragraph at lines 485--485
[]|\OT1/cmr/m/n/14.4 PF2| 
 []


Overfull \hbox (4.22426pt too wide) in paragraph at lines 486--486
[]|\OT1/cmr/m/n/14.4 PF3| 
 []


Overfull \hbox (4.22426pt too wide) in paragraph at lines 487--487
[]|\OT1/cmr/m/n/14.4 PF4| 
 []

[27]
Underfull \hbox (badness 10000) in paragraph at lines 500--502

 []

<Images/CCSInstall1.png, id=512, 372.64218pt x 321.45094pt>
File: Images/CCSInstall1.png Graphic file (type png)

<use Images/CCSInstall1.png>
Package pdftex.def Info: Images/CCSInstall1.png used on input line 504.
(pdftex.def)             Requested size: 170.7124pt x 170.72133pt.

<Images/CCSInstall2.png, id=513, 370.38374pt x 319.1925pt>
File: Images/CCSInstall2.png Graphic file (type png)

<use Images/CCSInstall2.png>
Package pdftex.def Info: Images/CCSInstall2.png used on input line 507.
(pdftex.def)             Requested size: 170.71768pt x 170.71515pt.
 [28 <./Images/CCSInstall1.png>]
<Images/CCSInstall3.png, id=520, 372.64218pt x 319.1925pt>
File: Images/CCSInstall3.png Graphic file (type png)

<use Images/CCSInstall3.png>
Package pdftex.def Info: Images/CCSInstall3.png used on input line 510.
(pdftex.def)             Requested size: 170.7124pt x 170.71515pt.

<Images/CCSInstall4.png, id=521, 367.3725pt x 319.1925pt>
File: Images/CCSInstall4.png Graphic file (type png)

<use Images/CCSInstall4.png>
Package pdftex.def Info: Images/CCSInstall4.png used on input line 513.
(pdftex.def)             Requested size: 170.71992pt x 170.71515pt.

Underfull \hbox (badness 10000) in paragraph at lines 514--517

 []

[29 <./Images/CCSInstall2.png> <./Images/CCSInstall3.png> <./Images/CCSInstall4
.png>]
Underfull \hbox (badness 10000) in paragraph at lines 521--528

 []

<Images/CreatingNewProject1.png, id=535, 446.41782pt x 146.79843pt>
File: Images/CreatingNewProject1.png Graphic file (type png)

<use Images/CreatingNewProject1.png>
Package pdftex.def Info: Images/CreatingNewProject1.png used on input line 532.

(pdftex.def)             Requested size: 170.71678pt x 56.90396pt.

<Images/CreatingNewProject2.png, id=536, 447.17062pt x 548.0475pt>
File: Images/CreatingNewProject2.png Graphic file (type png)

<use Images/CreatingNewProject2.png>
Package pdftex.def Info: Images/CreatingNewProject2.png used on input line 534.

(pdftex.def)             Requested size: 184.9446pt x 227.6278pt.
 [30 <./Images/CreatingNewProject1.png>]
<Images/AddVariables.png, id=546, 149.05687pt x 195.73125pt>
File: Images/AddVariables.png Graphic file (type png)

<use Images/AddVariables.png>
Package pdftex.def Info: Images/AddVariables.png used on input line 551.
(pdftex.def)             Requested size: 85.35904pt x 113.81091pt.

<Images/AddVariables2.png, id=547, 185.94469pt x 332.74312pt>
File: Images/AddVariables2.png Graphic file (type png)

<use Images/AddVariables2.png>
Package pdftex.def Info: Images/AddVariables2.png used on input line 554.
(pdftex.def)             Requested size: 127.20108pt x 227.62204pt.
 [31 <./Images/CreatingNewProject2.png> <./Images/AddVariables.png>]
<Images/AddVariables3.png, id=556, 450.18187pt x 271.76532pt>
File: Images/AddVariables3.png Graphic file (type png)

<use Images/AddVariables3.png>
Package pdftex.def Info: Images/AddVariables3.png used on input line 560.
(pdftex.def)             Requested size: 450.18077pt x 271.76465pt.

<Images/AddVariables4.png, id=557, 271.76532pt x 265.74281pt>
File: Images/AddVariables4.png Graphic file (type png)

<use Images/AddVariables4.png>
Package pdftex.def Info: Images/AddVariables4.png used on input line 567.
(pdftex.def)             Requested size: 271.76465pt x 265.74216pt.

<Images/AddVariables5.png, id=558, 414.04688pt x 219.82124pt>
File: Images/AddVariables5.png Graphic file (type png)

<use Images/AddVariables5.png>
Package pdftex.def Info: Images/AddVariables5.png used on input line 568.
(pdftex.def)             Requested size: 256.08093pt x 227.62926pt.
 [32 <./Images/AddVariables2.png> <./Images/AddVariables3.png>] <Images/AddVari
ables6.png, id=565, 732.48656pt x 509.65407pt>
File: Images/AddVariables6.png Graphic file (type png)

<use Images/AddVariables6.png>
Package pdftex.def Info: Images/AddVariables6.png used on input line 570.
(pdftex.def)             Requested size: 284.52856pt x 227.62355pt.
 [33 <./Images/AddVariables4.png> <./Images/AddVariables5.png>] <Images/AddVari
ables7.png, id=572, 178.41656pt x 252.945pt>
File: Images/AddVariables7.png Graphic file (type png)

<use Images/AddVariables7.png>
Package pdftex.def Info: Images/AddVariables7.png used on input line 577.
(pdftex.def)             Requested size: 199.17995pt x 227.62523pt.

Underfull \hbox (badness 10000) in paragraph at lines 576--578

 []


Underfull \hbox (badness 10000) in paragraph at lines 578--582

 []

<Images/AddVariables8.png, id=573, 376.40625pt x 247.67531pt>
File: Images/AddVariables8.png Graphic file (type png)

<use Images/AddVariables8.png>
Package pdftex.def Info: Images/AddVariables8.png used on input line 585.
(pdftex.def)             Requested size: 284.54968pt x 227.62218pt.
 [34 <./Images/AddVariables6.png> <./Images/AddVariables7.png>] <Images/AddVari
ables9.png, id=581, 667.74469pt x 203.25937pt>
File: Images/AddVariables9.png Graphic file (type png)

<use Images/AddVariables9.png>
Package pdftex.def Info: Images/AddVariables9.png used on input line 589.
(pdftex.def)             Requested size: 569.09363pt x 284.53946pt.

Overfull \hbox (57.86594pt too wide) in paragraph at lines 587--590
[] 
 []


("C:\Users\Ayush\AppData\Local\Programs\MiKTeX 2.9\tex\latex\listings\lstlang1.
sty"
File: lstlang1.sty 2015/06/04 1.6 listings language file
)
("C:\Users\Ayush\AppData\Local\Programs\MiKTeX 2.9\tex\latex\listings\lstmisc.s
ty"
File: lstmisc.sty 2015/06/04 1.6 (Carsten Heinz)
) [35 <./Images/AddVariables8.png> <./Images/AddVariables9.png>]
LaTeX Font Info:    Try loading font information for OML+cmr on input line 600.


("C:\Users\Ayush\AppData\Local\Programs\MiKTeX 2.9\tex\latex\base\omlcmr.fd"
File: omlcmr.fd 2014/09/29 v2.5h Standard LaTeX font definitions
)
LaTeX Font Info:    Font shape `OML/cmr/m/n' in size <10> not available
(Font)              Font shape `OML/cmm/m/it' tried instead on input line 600.
LaTeX Font Info:    Font shape `OMS/cmr/m/n' in size <10> not available
(Font)              Font shape `OMS/cmsy/m/n' tried instead on input line 609.

[36]
Overfull \hbox (2.90482pt too wide) in paragraph at lines 687--703
\OT1/cmr/m/n/14.4 2. Use switch SW2 and sw2Status (a vari-able). Your pro-gram 
should in-cre-ment sw2Status
 []

[37] [38]
Underfull \hbox (badness 10000) in paragraph at lines 790--791

 []


! LaTeX Error: File `MotorConnection' not found.

See the LaTeX manual or LaTeX Companion for explanation.
Type  H <return>  for immediate help.
 ...                                              
                                                  
l.795 ...s[width=6cm, height=2cm]{MotorConnection}
                                                  
I could not locate the file with any of these extensions:
.png,.pdf,.jpg,.mps,.jpeg,.jbig2,.jb2,.PNG,.PDF,.JPG,.JPEG,.JBIG2,.JB2,.eps
Try typing  <return>  to proceed.
If that doesn't work, type  X <return>  to quit.

[39] [40] [41] [42]
Underfull \hbox (badness 10000) in paragraph at lines 989--990

 []


Underfull \hbox (badness 10000) in paragraph at lines 991--992

 []

[43] [44] [45] [46] [47] [48] [49]
Underfull \hbox (badness 10000) in paragraph at lines 1386--1387

 []


Underfull \hbox (badness 10000) in paragraph at lines 1396--1397

 []

[50] [51]

! LaTeX Error: File `PWM' not found.

See the LaTeX manual or LaTeX Companion for explanation.
Type  H <return>  for immediate help.
 ...                                              
                                                  
l.1513 ...ludegraphics[width=4cm, height=4cm]{PWM}
                                                  
I could not locate the file with any of these extensions:
.png,.pdf,.jpg,.mps,.jpeg,.jbig2,.jb2,.PNG,.PDF,.JPG,.JPEG,.JBIG2,.JB2,.eps
Try typing  <return>  to proceed.
If that doesn't work, type  X <return>  to quit.


Underfull \hbox (badness 10000) in paragraph at lines 1515--1517

 []

[52] [53] [54] [55] [56] [57] [58] [59] [60] [61] [62] [63]

! LaTeX Error: File `ADC' not found.

See the LaTeX manual or LaTeX Companion for explanation.
Type  H <return>  for immediate help.
 ...                                              
                                                  
l.2152 ...udegraphics[width=15cm, height=8cm]{ADC}
                                                  
I could not locate the file with any of these extensions:
.png,.pdf,.jpg,.mps,.jpeg,.jbig2,.jb2,.PNG,.PDF,.JPG,.JPEG,.JBIG2,.JB2,.eps
Try typing  <return>  to proceed.
If that doesn't work, type  X <return>  to quit.

[64] [65] [66] [67] [68]
Underfull \hbox (badness 10000) in paragraph at lines 2449--2450

 []


! LaTeX Error: File `Serial' not found.

See the LaTeX manual or LaTeX Companion for explanation.
Type  H <return>  for immediate help.
 ...                                              
                                                  
l.2453 ...egraphics[width=8cm, height=2cm]{Serial}
                                                  
I could not locate the file with any of these extensions:
.png,.pdf,.jpg,.mps,.jpeg,.jbig2,.jb2,.PNG,.PDF,.JPG,.JPEG,.JBIG2,.JB2,.eps
Try typing  <return>  to proceed.
If that doesn't work, type  X <return>  to quit.

[69] [70] [71]

! LaTeX Error: File `I2C0' not found.

See the LaTeX manual or LaTeX Companion for explanation.
Type  H <return>  for immediate help.
 ...                                              
                                                  
l.2596 ...udegraphics[width=8cm, height=4cm]{I2C0}
                                                  
I could not locate the file with any of these extensions:
.png,.pdf,.jpg,.mps,.jpeg,.jbig2,.jb2,.PNG,.PDF,.JPG,.JPEG,.JBIG2,.JB2,.eps
Try typing  <return>  to proceed.
If that doesn't work, type  X <return>  to quit.


! LaTeX Error: File `I2C1' not found.

See the LaTeX manual or LaTeX Companion for explanation.
Type  H <return>  for immediate help.
 ...                                              
                                                  
l.2607 ...degraphics[width=16cm, height=4cm]{I2C1}
                                                  
I could not locate the file with any of these extensions:
.png,.pdf,.jpg,.mps,.jpeg,.jbig2,.jb2,.PNG,.PDF,.JPG,.JPEG,.JBIG2,.JB2,.eps
Try typing  <return>  to proceed.
If that doesn't work, type  X <return>  to quit.

[72]

! LaTeX Error: File `I2C2' not found.

See the LaTeX manual or LaTeX Companion for explanation.
Type  H <return>  for immediate help.
 ...                                              
                                                  
l.2613 ...degraphics[width=16cm, height=4cm]{I2C2}
                                                  
I could not locate the file with any of these extensions:
.png,.pdf,.jpg,.mps,.jpeg,.jbig2,.jb2,.PNG,.PDF,.JPG,.JPEG,.JBIG2,.JB2,.eps
Try typing  <return>  to proceed.
If that doesn't work, type  X <return>  to quit.


! LaTeX Error: File `I2C3' not found.

See the LaTeX manual or LaTeX Companion for explanation.
Type  H <return>  for immediate help.
 ...                                              
                                                  
l.2618 ...udegraphics[width=8cm, height=2cm]{I2C3}
                                                  
I could not locate the file with any of these extensions:
.png,.pdf,.jpg,.mps,.jpeg,.jbig2,.jb2,.PNG,.PDF,.JPG,.JPEG,.JBIG2,.JB2,.eps
Try typing  <return>  to proceed.
If that doesn't work, type  X <return>  to quit.

[73] [74] [75] [76] [77] [78] [79] [80] [81]
Package atveryend Info: Empty hook `BeforeClearDocument' on input line 3130.
 [82]
Package atveryend Info: Empty hook `AfterLastShipout' on input line 3130.
 (Manual.aux)
Package atveryend Info: Executing hook `AtVeryEndDocument' on input line 3130.
Package atveryend Info: Executing hook `AtEndAfterFileList' on input line 3130.

Package rerunfilecheck Info: File `Manual.out' has not changed.
(rerunfilecheck)             Checksum: 96FDDC851B458DDB2C6EE3D1AE761343;5060.
Package atveryend Info: Empty hook `AtVeryVeryEnd' on input line 3130.
 ) 
Here is how much of TeX's memory you used:
 12987 strings out of 493333
 190191 string characters out of 3130143
 490298 words of memory out of 3000000
 13801 multiletter control sequences out of 15000+200000
 9018 words of font info for 32 fonts, out of 3000000 for 9000
 1141 hyphenation exceptions out of 8191
 41i,13n,58p,1010b,2015s stack positions out of 5000i,500n,10000p,200000b,50000s
<C:/Users/Ayush/AppData/Local/Programs/MiKTeX 2.9/fonts/type1/public/amsfonts
/cm/cmbx12.pfb><C:/Users/Ayush/AppData/Local/Programs/MiKTeX 2.9/fonts/type1/pu
blic/amsfonts/cm/cmbxsl10.pfb><C:/Users/Ayush/AppData/Local/Programs/MiKTeX 2.9
/fonts/type1/public/amsfonts/cm/cmmi10.pfb><C:/Users/Ayush/AppData/Local/Progra
ms/MiKTeX 2.9/fonts/type1/public/amsfonts/cm/cmr10.pfb><C:/Users/Ayush/AppData/
Local/Programs/MiKTeX 2.9/fonts/type1/public/amsfonts/cm/cmr12.pfb><C:/Users/Ay
ush/AppData/Local/Programs/MiKTeX 2.9/fonts/type1/public/amsfonts/cm/cmr17.pfb>
<C:/Users/Ayush/AppData/Local/Programs/MiKTeX 2.9/fonts/type1/public/amsfonts/c
m/cmr6.pfb><C:/Users/Ayush/AppData/Local/Programs/MiKTeX 2.9/fonts/type1/public
/amsfonts/cm/cmsl12.pfb><C:/Users/Ayush/AppData/Local/Programs/MiKTeX 2.9/fonts
/type1/public/amsfonts/cm/cmsy10.pfb>
Output written on Manual.pdf (82 pages, 1402193 bytes).
PDF statistics:
 3717 PDF objects out of 4296 (max. 8388607)
 2553 named destinations out of 2984 (max. 500000)
 702 words of extra memory for PDF output out of 10000 (max. 10000000)

