\BOOKMARK [1][-]{section.1}{Credits}{}% 1
\BOOKMARK [1][-]{section.2}{Notice}{}% 2
\BOOKMARK [1][-]{section.3}{Introduction}{}% 3
\BOOKMARK [1][-]{section.4}{Tiva Based Daughter Board}{}% 4
\BOOKMARK [2][-]{subsection.4.1}{Technical Specification}{section.4}% 5
\BOOKMARK [1][-]{section.5}{Hardware Manual:}{}% 6
\BOOKMARK [2][-]{subsection.5.1}{Voltage Regulation on the Daughter Board}{section.5}% 7
\BOOKMARK [3][-]{subsubsection.5.1.1}{Powering Micro-controller}{subsection.5.1}% 8
\BOOKMARK [3][-]{subsubsection.5.1.2}{Powering Servos}{subsection.5.1}% 9
\BOOKMARK [2][-]{subsection.5.2}{Level Converters}{section.5}% 10
\BOOKMARK [2][-]{subsection.5.3}{Sensors}{section.5}% 11
\BOOKMARK [3][-]{subsubsection.5.3.1}{3.3V sensors}{subsection.5.3}% 12
\BOOKMARK [3][-]{subsubsection.5.3.2}{5V sensors}{subsection.5.3}% 13
\BOOKMARK [2][-]{subsection.5.4}{Port Expander}{section.5}% 14
\BOOKMARK [2][-]{subsection.5.5}{External ADC}{section.5}% 15
\BOOKMARK [2][-]{subsection.5.6}{LCD Interfacing}{section.5}% 16
\BOOKMARK [2][-]{subsection.5.7}{USB Communication}{section.5}% 17
\BOOKMARK [2][-]{subsection.5.8}{Programing the Controller}{section.5}% 18
\BOOKMARK [2][-]{subsection.5.9}{Reset Switch}{section.5}% 19
\BOOKMARK [2][-]{subsection.5.10}{Servo Connectors}{section.5}% 20
\BOOKMARK [2][-]{subsection.5.11}{TM4C123GH6PM Micro-controller:}{section.5}% 21
\BOOKMARK [2][-]{subsection.5.12}{Pin Functionality}{section.5}% 22
\BOOKMARK [3][-]{subsubsection.5.12.1}{Pin of uC}{subsection.5.12}% 23
\BOOKMARK [3][-]{subsubsection.5.12.2}{Robot Main Board Connections}{subsection.5.12}% 24
\BOOKMARK [3][-]{subsubsection.5.12.3}{Pin Connection Of Plug And Play Board}{subsection.5.12}% 25
\BOOKMARK [1][-]{section.6}{Software Manual:}{}% 26
\BOOKMARK [2][-]{subsection.6.1}{Code Composer Studio:}{section.6}% 27
\BOOKMARK [3][-]{subsubsection.6.1.1}{Download CC Studio:}{subsection.6.1}% 28
\BOOKMARK [3][-]{subsubsection.6.1.2}{Installing C C Studio:}{subsection.6.1}% 29
\BOOKMARK [3][-]{subsubsection.6.1.3}{Create a New Project}{subsection.6.1}% 30
\BOOKMARK [3][-]{subsubsection.6.1.4}{Add Path and Build Variables}{subsection.6.1}% 31
\BOOKMARK [2][-]{subsection.6.2}{driver.lib}{section.6}% 32
\BOOKMARK [2][-]{subsection.6.3}{Buzzer}{section.6}% 33
\BOOKMARK [2][-]{subsection.6.4}{Programming the Robot}{section.6}% 34
\BOOKMARK [2][-]{subsection.6.5}{Using Debugger of The Programmer}{section.6}% 35
\BOOKMARK [2][-]{subsection.6.6}{Simple I/O Operation}{section.6}% 36
\BOOKMARK [2][-]{subsection.6.7}{Robot Direction Control}{section.6}% 37
\BOOKMARK [2][-]{subsection.6.8}{Robot Position Control Using Interrupts}{section.6}% 38
\BOOKMARK [2][-]{subsection.6.9}{Timers and its Interrupts}{section.6}% 39
\BOOKMARK [2][-]{subsection.6.10}{Robot Speed Control}{section.6}% 40
\BOOKMARK [2][-]{subsection.6.11}{LCD Interfacing}{section.6}% 41
\BOOKMARK [2][-]{subsection.6.12}{Analog To Digital Converter}{section.6}% 42
\BOOKMARK [2][-]{subsection.6.13}{Serial Communication}{section.6}% 43
\BOOKMARK [2][-]{subsection.6.14}{I2C Communication}{section.6}% 44
