
**** Build of configuration Debug for project 08 ADC Sensor ****

"C:\\ti\\ccsv7\\utils\\bin\\gmake" -k -j 4 all -O 
'Building file: ../main.c'
'Invoking: ARM Compiler'
"C:/ti/ccsv7/tools/compiler/ti-cgt-arm_16.9.1.LTS/bin/armcl" -mv7M4 --code_state=16 --float_support=FPv4SPD16 -me --include_path="D:/eYSIP-2017_Development-of-Tiva-based-daughter-board-for-FireBird-master/Experiment/uC Based/08 ADC Sensor" --include_path="C:/ti/TivaWare_C_Series-2.1.4.178" --include_path="C:/ti/ccsv7/tools/compiler/ti-cgt-arm_16.9.1.LTS/include" --define=ccs="ccs" --define=PART_TM4C123GH6PM -g --gcc --diag_warning=225 --diag_wrap=off --display_error_number --abi=eabi --preproc_with_compile --preproc_dependency="main.d"  "../main.c"
'Finished building: ../main.c'
' '
'Building target: 08 ADC Sensor.out'
'Invoking: ARM Linker'
"C:/ti/ccsv7/tools/compiler/ti-cgt-arm_16.9.1.LTS/bin/armcl" -mv7M4 --code_state=16 --float_support=FPv4SPD16 -me --define=ccs="ccs" --define=PART_TM4C123GH6PM -g --gcc --diag_warning=225 --diag_wrap=off --display_error_number --abi=eabi -z -m"08 ADC Sensor.map" --heap_size=0 --stack_size=512 -i"C:/ti/ccsv7/tools/compiler/ti-cgt-arm_16.9.1.LTS/lib" -i"C:/ti/ccsv7/tools/compiler/ti-cgt-arm_16.9.1.LTS/include" --reread_libs --diag_wrap=off --display_error_number --warn_sections --xml_link_info="08 ADC Sensor_linkInfo.xml" --rom_model -o "08 ADC Sensor.out" "./main.obj" "./tm4c123gh6pm_startup_ccs.obj" "C:/ti/TivaWare_C_Series-2.1.4.178/driverlib/ccs/Debug/driverlib.lib" "../tm4c123gh6pm.cmd"  -llibc.a 
<Linking>
'Finished building target: 08 ADC Sensor.out'
' '

**** Build Finished ****

**** Build of configuration Debug for project 08 ADC Sensor ****

"C:\\ti\\ccsv7\\utils\\bin\\gmake" -k -j 4 all -O 
gmake[1]: '08 ADC Sensor.out' is up to date.

**** Build Finished ****

**** Build of configuration Debug for project 08 ADC Sensor ****

"C:\\ti\\ccsv7\\utils\\bin\\gmake" -k -j 4 all -O 
gmake[1]: '08 ADC Sensor.out' is up to date.

**** Build Finished ****

**** Build of configuration Debug for project Serial Communication ****

"C:\\ti\\ccsv7\\utils\\bin\\gmake" -k -j 4 all -O 
gmake[1]: 'Serial Communication.out' is up to date.

**** Build Finished ****

**** Build of configuration Debug for project 07 LCD Interfacing ****

"C:\\ti\\ccsv7\\utils\\bin\\gmake" -k -j 4 all -O 
gmake[1]: '07 LCD Interfacing.out' is up to date.

**** Build Finished ****

**** Build of configuration Debug for project 07 LCD Interfacing ****

"C:\\ti\\ccsv7\\utils\\bin\\gmake" -k -j 4 all -O 
gmake[1]: '07 LCD Interfacing.out' is up to date.

**** Build Finished ****

**** Build of configuration Debug for project 07 LCD Interfacing ****

"C:\\ti\\ccsv7\\utils\\bin\\gmake" -k -j 4 all -O 
gmake[1]: '07 LCD Interfacing.out' is up to date.

**** Build Finished ****

**** Build of configuration Debug for project 07 LCD Interfacing ****

"C:\\ti\\ccsv7\\utils\\bin\\gmake" -k -j 4 all -O 
gmake[1]: '07 LCD Interfacing.out' is up to date.

**** Build Finished ****

**** Build of configuration Debug for project 07 LCD Interfacing ****

"C:\\ti\\ccsv7\\utils\\bin\\gmake" -k -j 4 all -O 
gmake[1]: '07 LCD Interfacing.out' is up to date.

**** Build Finished ****
