\BOOKMARK [1][-]{section.1}{Credits}{}% 1
\BOOKMARK [1][-]{section.2}{Notice}{}% 2
\BOOKMARK [1][-]{section.3}{Introduction}{}% 3
\BOOKMARK [2][-]{subsection.3.1}{Safety precautions:}{section.3}% 4
\BOOKMARK [2][-]{subsection.3.2}{Inappropriate Operation:}{section.3}% 5
\BOOKMARK [1][-]{section.4}{Tiva Based Daughter Board}{}% 6
\BOOKMARK [2][-]{subsection.4.1}{Technical Specification}{section.4}% 7
\BOOKMARK [1][-]{section.5}{Hardware Manual:}{}% 8
\BOOKMARK [2][-]{subsection.5.1}{Voltage Regulation on the Daughter Board}{section.5}% 9
\BOOKMARK [3][-]{subsubsection.5.1.1}{Powering Micro-controller}{subsection.5.1}% 10
\BOOKMARK [3][-]{subsubsection.5.1.2}{Powering Servos}{subsection.5.1}% 11
\BOOKMARK [2][-]{subsection.5.2}{Level Converters}{section.5}% 12
\BOOKMARK [2][-]{subsection.5.3}{Sensors}{section.5}% 13
\BOOKMARK [3][-]{subsubsection.5.3.1}{3.3V sensors}{subsection.5.3}% 14
\BOOKMARK [3][-]{subsubsection.5.3.2}{5V sensors}{subsection.5.3}% 15
\BOOKMARK [2][-]{subsection.5.4}{Port Expander}{section.5}% 16
\BOOKMARK [2][-]{subsection.5.5}{External ADC}{section.5}% 17
\BOOKMARK [2][-]{subsection.5.6}{LCD Interfacing}{section.5}% 18
\BOOKMARK [2][-]{subsection.5.7}{USB Communication}{section.5}% 19
\BOOKMARK [2][-]{subsection.5.8}{Reset Switch}{section.5}% 20
\BOOKMARK [2][-]{subsection.5.9}{Servo Connectors}{section.5}% 21
\BOOKMARK [2][-]{subsection.5.10}{TM4C123GH6PM Micro-controller:}{section.5}% 22
\BOOKMARK [3][-]{subsubsection.5.10.1}{Feature of TM4C123GH6PM}{subsection.5.10}% 23
\BOOKMARK [2][-]{subsection.5.11}{Pin Functionality}{section.5}% 24
\BOOKMARK [3][-]{subsubsection.5.11.1}{Pin of uC}{subsection.5.11}% 25
\BOOKMARK [3][-]{subsubsection.5.11.2}{Robot Main Board Connections}{subsection.5.11}% 26
\BOOKMARK [3][-]{subsubsection.5.11.3}{Pin Connection Of Plug And Play Board}{subsection.5.11}% 27
\BOOKMARK [1][-]{section.6}{Software Manual:}{}% 28
\BOOKMARK [2][-]{subsection.6.1}{Code Composer Studio:}{section.6}% 29
\BOOKMARK [3][-]{subsubsection.6.1.1}{Download CC Studio:}{subsection.6.1}% 30
\BOOKMARK [3][-]{subsubsection.6.1.2}{Installing C C Studio:}{subsection.6.1}% 31
\BOOKMARK [3][-]{subsubsection.6.1.3}{Create a New Project}{subsection.6.1}% 32
\BOOKMARK [3][-]{subsubsection.6.1.4}{Add Path and Build Variables}{subsection.6.1}% 33
